[2018-04-24 12:54:13.149] [sharedprocess] [info] main {"machineId":"f9e0d7b63b42632b21c5d3e1742e86c8c66fa7cf58311a8bc77bdfb6c5d5d427"}
[2018-04-24 12:54:13.203] [sharedprocess] [info] Scanned user extensions: 2
[2018-04-24 12:54:13.230] [sharedprocess] [info] Scanned system extensions: 69
[2018-04-24 12:54:14.219] [sharedprocess] [info] Scanned user extensions: 2
[2018-04-24 12:54:14.225] [sharedprocess] [info] Scanned user extensions: 2
[2018-04-24 12:54:14.225] [sharedprocess] [info] Scanned user extensions: 2
[2018-04-24 12:54:14.268] [sharedprocess] [info] Scanned system extensions: 69
[2018-04-24 12:54:14.271] [sharedprocess] [info] Scanned system extensions: 69
[2018-04-24 12:54:17.191] [sharedprocess] [info] Scanned user extensions: 2
[2018-04-24 12:54:17.195] [sharedprocess] [info] Scanned user extensions: 2
[2018-04-24 12:54:30.176] [sharedprocess] [info] Scanned user extensions: 2
[2018-04-24 12:54:30.182] [sharedprocess] [info] Scanned user extensions: 2
[2018-04-24 12:54:30.186] [sharedprocess] [info] Scanned user extensions: 2
[2018-04-24 12:54:30.228] [sharedprocess] [info] Scanned system extensions: 69
[2018-04-24 12:54:30.234] [sharedprocess] [info] Scanned system extensions: 69
[2018-04-24 12:54:30.243] [sharedprocess] [info] Scanned user extensions: 2
[2018-04-24 12:54:30.256] [sharedprocess] [info] Scanned system extensions: 69
[2018-04-24 12:54:30.492] [sharedprocess] [info] Installing extension: python
[2018-04-24 12:54:36.748] [sharedprocess] [info] Downloaded extension: python
[2018-04-24 12:54:38.604] [sharedprocess] [info] Extracted extension to /root/.vscode/extensions/.ms-python.python-2018.3.1: ms-python.python-2018.3.1
[2018-04-24 12:54:38.604] [sharedprocess] [info] Renamed to /root/.vscode/extensions/ms-python.python-2018.3.1
[2018-04-24 12:54:38.604] [sharedprocess] [info] Installation completed. ms-python.python-2018.3.1
[2018-04-24 12:54:38.672] [sharedprocess] [info] Extensions installed successfully: ms-python.python
[2018-04-24 12:54:38.848] [sharedprocess] [info] Scanned user extensions: 3
[2018-04-24 12:54:38.852] [sharedprocess] [info] Scanned user extensions: 3
[2018-04-24 12:54:38.894] [sharedprocess] [info] Scanned system extensions: 69
[2018-04-24 12:54:38.898] [sharedprocess] [info] Scanned system extensions: 69
[2018-04-24 12:54:53.155] [sharedprocess] [info] Starting to clean up unused language packs.
[2018-04-24 12:56:08.832] [sharedprocess] [info] Scanned user extensions: 3
[2018-04-24 12:57:40.779] [sharedprocess] [info] Scanned user extensions: 3
[2018-04-24 12:59:17.257] [sharedprocess] [info] Scanned user extensions: 3
[2018-04-24 13:04:17.281] [sharedprocess] [info] Scanned user extensions: 3
[2018-04-24 13:09:17.315] [sharedprocess] [info] Scanned user extensions: 3
[2018-04-24 13:14:17.346] [sharedprocess] [info] Scanned user extensions: 3
[2018-04-24 13:19:17.378] [sharedprocess] [info] Scanned user extensions: 3
[2018-04-24 13:24:17.413] [sharedprocess] [info] Scanned user extensions: 3
[2018-04-24 13:29:17.449] [sharedprocess] [info] Scanned user extensions: 3
